[www.reservhotel.com/los-cabos-mexico/grand-solmar-lands-end-resort-and-spa/booking-engine/ibe5_extras92ba.html]
[backblue.gif]
[fade.gif]
[index.html]
[maxcdn.bootstrapcdn.com/bootstrap/4.0.0-alpha.6/css/bootstrap.min.css]
[www.reservhotel.com/ibe5/assets/css/extras.css]
[www.reservhotel.com/ibe5/assets/css/modal_index.css]
[www.reservhotel.com/ibe5/assets/css/jquery.fancybox.css]
[www.reservhotel.com/ibe5/assets/css/font_awesome/css/font-awesome.min.css]
[www.reservhotel.com/ibe5/assets/js/jquery-3.5.1.min.js]
[cdnjs.cloudflare.com/ajax/libs/tether/1.4.3/js/tether.min.js]
[maxcdn.bootstrapcdn.com/bootstrap/4.0.0-alpha.6/js/bootstrap.min.js]
[www.reservhotel.com/ibe5/assets/js/script-ck.js]
[www.reservhotel.com/ibe5/assets/js/libs/jquery.fancybox.pack.js]
[www.reservhotel.com/ibe5/assets/js/libs/jquery.flexslider.min.js]
[www.reservhotel.com/ibe5/assets/js/libs/jquery-ui-1.10.3.custom.min.js]
[www.reservhotel.com/ibe5/assets/js/libs/jquery.cookie.js]
[www.google.com/recaptcha/api8027.js]
[www.reservhotel.com/ibe5/assets/images/datedeparture_icon.png]
[www.reservhotel.com/ibe5/assets/images/datearrival_icon.png]
[www.reservhotel.com/hotel_images_fastlink/34004/sUDr1.jpg]
[www.reservhotel.com/hotel_images_fastlink/34004/wdObZ.jpg]
[www.reservhotel.com/hotel_images_fastlink/34004/qVOMU.jpg]
[www.reservhotel.com/ibe5/assets/images/right-arrow-selected.png]
[www.reservhotel.com/los-cabos-mexico/grand-solmar-lands-end-resort-and-spa/booking-engine/html/airlink/transition.php]
[www.google-analytics.com/analytics.js]
[www.reservhotel.com/los-cabos-mexico/grand-solmar-lands-end-resort-and-spa/booking-engine/linkid.js]
[www.reservhotel.com/cdn-cgi/bm/cv/669835187/api.js]
[www.reservhotel.com/ibe5/assets/images/icon_hamburgermenu.png]
[www.reservhotel.com/los-cabos-mexico/grand-solmar-lands-end-resort-and-spa/booking-engine/ibe570a2.html]
[www.reservhotel.com/los-cabos-mexico/grand-solmar-lands-end-resort-and-spa/booking-engine/ibe5_rooms485f.html]
[www.reservhotel.com/html/airlink/Images/amenities/Insurance.jpg]
[www.reservhotel.com/hotel_images_fastlink/34004/1_amenity_1.jpg]
[www.reservhotel.com/hotel_images_fastlink/34004/6_amenity_1.jpg]
[www.reservhotel.com/hotel_images_fastlink/34004/43_amenity_1.jpg]
[www.reservhotel.com/html/airlink/Images/amenities/Exclusive-Offer.jpg]
[www.reservhotel.com/ibe5/assets/images/secure-shopping.png]
[www.reservhotel.com/ibe4/assets/images/rhlogo.png]
[www.reservhotel.com/ibe5/assets/images/loader/page-load-bar-loop.gif]
[www.reservhotel.com/ibe5/assets/images/seat_icon.png]
[www.reservhotel.com/ibe5/assets/images/baggage.png]
[www.reservhotel.com/ibe5/assets/images/airplanteup.png]
[www.reservhotel.com/ibe5/assets/images/pass.png]
[www.reservhotel.com/cdn-cgi/scripts/5c5dd728/cloudflare-static/email-decode.min.js]
[connect.facebook.net/en_US/fbevents.js]
[www.reservhotel.com/los-cabos-mexico/grand-solmar-lands-end-resort-and-spa/booking-engine/ibe5_extras92ba.html]
[bat.bing.com/bat.js]
[maxcdn.bootstrapcdn.com/bootstrap/4.0.0-alpha.6/css/bootstrap.min.css]
[www.thehotelsnetwork.com/js/hotel_price_widgeta29e.js]
[www.reservhotel.com/ibe5/assets/css/stylenew.css]
[www.reservhotel.com/ibe5/assets/css/header.css]
[www.reservhotel.com/ibe5/assets/css/breadcrumb.css]
[www.reservhotel.com/ibe5/assets/css/footer.css]
[www.reservhotel.com/ibe5/assets/images/layoutoption2_gray_icon.png]
[www.reservhotel.com/ibe5/assets/images/layoutoption2_black_icon.png]
[www.reservhotel.com/ibe5/assets/images/layoutoption3_black_icon.png]
[www.reservhotel.com/ibe5/assets/images/flecha_abajo_btn.png]
[www.reservhotel.com/ibe5/assets/css/extras.css]
[www.reservhotel.com/ibe5/assets/css/modal_index.css]
[www.reservhotel.com/ibe5/assets/css/fancybox_sprite.png]
[www.reservhotel.com/ibe5/assets/css/fancybox_loading.gif]
[www.reservhotel.com/ibe5/assets/css/blank.gif]
[www.reservhotel.com/ibe5/assets/css/fancybox_overlay.png]
[www.reservhotel.com/ibe5/assets/css/fancybox_sprite@2x.png]
[www.reservhotel.com/ibe5/assets/css/fancybox_loading@2x.gif]
[www.reservhotel.com/ibe5/assets/css/jquery.fancybox.css]
[www.reservhotel.com/ibe5/assets/css/font_awesome/css/font-awesome.min.css]
[www.reservhotel.com/los-cabos-mexico/grand-solmar-lands-end-resort-and-spa/booking-engine/html/airlink/transition.html]
[www.reservhotel.com/los-cabos-mexico/grand-solmar-lands-end-resort-and-spa/booking-engine/linkid.html]
[www.googletagmanager.com/gtm5445.html]
[www.reservhotel.com/hotel_fastlink_css/34004.css]
[www.reservhotel.com/hotel_fastlink_js/34004.js]
[www.reservhotel.com/ibe5/assets/css/bootstrap.min.css]
[www.reservhotel.com/ibe5/assets/css/index2ca0.css]
[www.reservhotel.com/ibe5/assets/css/owl.carousel.min.css]
[www.reservhotel.com/ibe5/assets/css/style-m.css]
[www.reservhotel.com/ibe5/assets/js/libs/datepicker_extension_min.js]
[www.reservhotel.com/ibe5/assets/js/libs/bootstrap.min.js]
[www.reservhotel.com/ibe5/assets/js/libs/jquery.fancybox.pack.min.js]
[www.reservhotel.com/los-cabos-mexico/grand-solmar-lands-end-resort-and-spa/booking-engine/ibe5798f.javascript]
[www.reservhotel.com/hotel_images_fastlink/34004/5554.jpg]
[www.reservhotel.com/ibe5/assets/js/new_owl.js]
[www.reservhotel.com/ibe5/assets/js/owl.carousel.min.js]
[www.reservhotel.com/los-cabos-mexico/grand-solmar-lands-end-resort-and-spa/booking-engine/ibe570a2.html]
[www.reservhotel.com/ibe5/assets/js/slider.js]
[www.reservhotel.com/ibe5/assets/css/flexslider.css]
[www.reservhotel.com/ibe5/assets/css/index.css]
[www.reservhotel.com/ibe5/assets/css/rooms_2.css]
[www.reservhotel.com/ibe5/assets/js/libs/picture.js]
[www.reservhotel.com/los-cabos-mexico/grand-solmar-lands-end-resort-and-spa/booking-engine/imagenes/bg.png]
[www.reservhotel.com/ibe5/assets/images/fancybox-close-btn.png]
[www.reservhotel.com/los-cabos-mexico/grand-solmar-lands-end-resort-and-spa/booking-engine/ibe5d31a.html]
[www.reservhotel.com/hotel_images_fastlink/34004/dDSXY1.jpg]
[www.reservhotel.com/hotel_images_fastlink/34004/dDSXY.jpg]
[www.reservhotel.com/los-cabos-mexico/grand-solmar-lands-end-resort-and-spa/booking-engine/ibe5_rooms485f.html]
[www.reservhotel.com/los-cabos-mexico/grand-solmar-lands-end-resort-and-spa/booking-engine/ibe50518.html]
[www.reservhotel.com/los-cabos-mexico/grand-solmar-lands-end-resort-and-spa/booking-engine/c]
[www.reservhotel.com/los-cabos-mexico/grand-solmar-lands-end-resort-and-spa/booking-engine/b]
[www.reservhotel.com/los-cabos-mexico/grand-solmar-lands-end-resort-and-spa/booking-engine/POST]
[connect.facebook.net/en_US/fbevents.js]
[www.reservhotel.com/ibe5/assets/css/fonts/fira-sans/FiraSans-Regular.ttf]
[www.reservhotel.com/ibe5/assets/css/fonts/fira-sans/FiraSans-Bold.ttf]
[www.reservhotel.com/ibe5/assets/css/fonts/fira-sans/FiraSans-Thin.ttf]
[www.reservhotel.com/ibe5/assets/css/fonts/fira-sans/FiraSans-Medium.ttf]
[www.reservhotel.com/ibe5/assets/css/fonts/fira-sans/FiraSans-Light.ttf]
[www.reservhotel.com/ibe5/assets/css/fonts/fira-sans/FiraSans-Italic.ttf]
[www.reservhotel.com/ibe5/assets/css/fonts/fira-sans/FiraSans-SemiBold.ttf]
[www.reservhotel.com/ibe5/assets/css/fonts/fira-sans/FiraSans-ExtraLight.ttf]
[www.reservhotel.com/ibe5/assets/css/fonts/fira-sans/FiraSans-ExtraBold.ttf]
[www.reservhotel.com/ibe5/assets/css/fonts/fira-sans/FiraSans-Book.ttf]
[www.reservhotel.com/ibe5/assets/images/show-promotions.png]
[www.reservhotel.com/ibe5/assets/images/promos-tag-icon.png]
[www.reservhotel.com/ibe5/assets/images/email-icon.png]
[www.reservhotel.com/ibe5/assets/images/travel-sum-arrow-down.png]
[www.reservhotel.com/ibe5/assets/images/travel-sum-arrow-up.png]
[www.reservhotel.com/ibe5/assets/images/top-right-header-img-1440.jpg]
[www.reservhotel.com/ibe5/assets/images/us-flag.png]
[www.reservhotel.com/ibe5/assets/images/fr-flag.png]
[www.reservhotel.com/ibe5/assets/images/sp-flag.png]
[www.reservhotel.com/ibe5/assets/images/de-flag.png]
[www.reservhotel.com/ibe5/assets/images/po-flag.png]
[www.reservhotel.com/ibe5/assets/images/pol-flag.png]
[www.reservhotel.com/ibe5/assets/images/it-flag.png]
[www.reservhotel.com/ibe5/assets/images/nl-flag.png]
[www.reservhotel.com/ibe5/assets/images/cal-left.png]
[www.reservhotel.com/ibe5/assets/images/cal-left-hover.png]
[www.reservhotel.com/ibe5/assets/images/cal-right.png]
[www.reservhotel.com/ibe5/assets/images/cal-right-hover.png]
[www.reservhotel.com/ibe5/assets/images/pop-up-close.png]
[www.reservhotel.com/ibe5/assets/images/pop-up-close-hover.png]
[www.reservhotel.com/ibe5/assets/images/slider-big-left-arrow.png]
[www.reservhotel.com/ibe5/assets/images/long-dp-prev-up-arrow.png]
[www.reservhotel.com/ibe5/assets/images/slider-big-right-arrow.png]
[www.reservhotel.com/ibe5/assets/images/long-dp-next-down-arrow.png]
[www.reservhotel.com/ibe5/assets/images/slider-left-arrow.png]
[www.reservhotel.com/ibe5/assets/images/slider-left-arrow-hover.png]
[www.reservhotel.com/ibe5/assets/images/slider-right-arrow.png]
[www.reservhotel.com/ibe5/assets/images/slider-right-arrow-hover.png]
[www.reservhotel.com/ibe5/assets/images/right-arrow-select.png]
[www.reservhotel.com/ibe5/assets/images/fancybox-close-btn-hover.png]
[www.reservhotel.com/ibe5/assets/images/slider-nav-circ.png]
[www.reservhotel.com/ibe5/assets/images/slider-nav-circ-hover.png]
[www.reservhotel.com/ibe5/assets/images/hotel-remove-btn.png]
[www.reservhotel.com/ibe5/assets/images/hotel-remove-btn-hover.png]
[www.reservhotel.com/ibe5/assets/images/room-arrow-down.png]
[www.reservhotel.com/ibe5/assets/images/room-arrow-right.png]
[www.reservhotel.com/ibe5/assets/images/collapse-arrow-up.png]
[www.reservhotel.com/ibe5/assets/images/collapse-arrow-down.png]
[www.reservhotel.com/ibe5/assets/images/c-cards.png]
[www.reservhotel.com/ibe5/assets/images/green-help.png]
[www.reservhotel.com/ibe5/assets/images/gray-bullet.png]
[www.reservhotel.com/ibe5/assets/images/cal-icon.png]
[www.reservhotel.com/ibe5/assets/images/right-arrow-white.png]
[www.reservhotel.com/ibe5/assets/images/mini-arrow-down2.png]
[www.reservhotel.com/ibe5/assets/images/time_icon.png]
[www.reservhotel.com/ibe5/assets/images/cruise.png]
[www.reservhotel.com/ibe5/assets/css/stylenew.css]
[www.reservhotel.com/ibe5/assets/images/icon_chat.png]
[www.reservhotel.com/ibe5/assets/images/icon_world.png]
[www.reservhotel.com/ibe5/assets/images/icon_coin.png]
[www.reservhotel.com/ibe5/assets/images/icon_coupon.png]
[www.reservhotel.com/ibe5/assets/css/header.css]
[www.reservhotel.com/ibe5/assets/images/flechapasos.png]
[www.reservhotel.com/ibe5/assets/css/breadcrumb.css]
[www.reservhotel.com/ibe5/assets/css/footer.css]
[www.reservhotel.com/ibe5/assets/images/layoutoption2_gray_icon.html]
[www.reservhotel.com/ibe5/assets/images/layoutoption2_black_icon.html]
[www.reservhotel.com/ibe5/assets/images/layoutoption3_black_icon.html]
[www.reservhotel.com/ibe5/assets/images/flecha_abajo_btn.html]
[www.reservhotel.com/ibe5/assets/css/bootstrap.min.css]
[www.reservhotel.com/ibe5/assets/css/index2ca0.css]
[www.reservhotel.com/ibe5/assets/css/owl.video.play.png]
[www.reservhotel.com/ibe5/assets/css/owl.carousel.min.css]
[www.reservhotel.com/ibe5/assets/css/style-m.css]
[www.reservhotel.com/ibe5/assets/css/fonts/flexslider-icon.eot]
[www.reservhotel.com/ibe5/assets/css/fonts/flexslider-icond41d.eot]
[www.reservhotel.com/ibe5/assets/css/fonts/flexslider-icon.woff]
[www.reservhotel.com/ibe5/assets/css/fonts/flexslider-icon.ttf]
[www.reservhotel.com/ibe5/assets/css/flexslider.css]
[www.reservhotel.com/ibe5/assets/css/index.css]
[www.reservhotel.com/ibe5/assets/css/fonts/flexslider-icon.svg]
[www.reservhotel.com/ibe5/assets/images/layoutoption1_gray_icon.png]
[www.reservhotel.com/ibe5/assets/images/layoutoption1_black_icon.png]
[www.reservhotel.com/ibe5/assets/css/rooms_2.css]
[www.reservhotel.com/los-cabos-mexico/grand-solmar-lands-end-resort-and-spa/booking-engine/imagenes/bg.html]
[www.reservhotel.com/los-cabos-mexico/grand-solmar-lands-end-resort-and-spa/booking-engine/ibe5d31a.html]
[www.reservhotel.com/los-cabos-mexico/grand-solmar-lands-end-resort-and-spa/booking-engine/ibe5349a.javascript]
[www.reservhotel.com/los-cabos-mexico/grand-solmar-lands-end-resort-and-spa/booking-engine/ibe5da1c.html]
[www.reservhotel.com/los-cabos-mexico/grand-solmar-lands-end-resort-and-spa/booking-engine/ibe5a9b6.html]
[www.reservhotel.com/los-cabos-mexico/grand-solmar-lands-end-resort-and-spa/booking-engine/ibe5e0dc.html]
[www.reservhotel.com/los-cabos-mexico/grand-solmar-lands-end-resort-and-spa/booking-engine/ibe57268.html]
[www.reservhotel.com/los-cabos-mexico/grand-solmar-lands-end-resort-and-spa/booking-engine/ibe5e050.html]
[www.reservhotel.com/los-cabos-mexico/grand-solmar-lands-end-resort-and-spa/booking-engine/ibe591e9.html]
[www.reservhotel.com/los-cabos-mexico/grand-solmar-lands-end-resort-and-spa/booking-engine/ibe50518.html]
[www.reservhotel.com/los-cabos-mexico/grand-solmar-lands-end-resort-and-spa/booking-engine/c.html]
[www.reservhotel.com/los-cabos-mexico/grand-solmar-lands-end-resort-and-spa/booking-engine/b.html]
[www.reservhotel.com/los-cabos-mexico/grand-solmar-lands-end-resort-and-spa/booking-engine/POST.html]
[www.reservhotel.com/ibe5/assets/images/icon_world.html]
[www.reservhotel.com/ibe5/assets/css/owl.video.play.html]
[www.reservhotel.com/ibe5/assets/css/fonts/flexslider-icon.svg]
[www.reservhotel.com/ibe5/assets/images/layoutoption1_gray_icon.html]
[www.reservhotel.com/ibe5/assets/images/layoutoption1_black_icon.html]
[www.reservhotel.com/los-cabos-mexico/grand-solmar-lands-end-resort-and-spa/booking-engine/ibe5d4c0.html]
[www.reservhotel.com/hotel_fastlink_js/34003.js]
[www.reservhotel.com/hotel_images_fastlink/34003/M8szY.jpg]
[www.reservhotel.com/hotel_images_fastlink/34003/1Pmnc.jpg]
[www.reservhotel.com/hotel_images_fastlink/34003/DNaxS.jpg]
[www.reservhotel.com/los-cabos-mexico/grand-solmar-lands-end-resort-and-spa/booking-engine/ibe54be2.javascript]
[www.reservhotel.com/hotel_images_fastlink/34003/5081.jpg]
[api.cartstack.com/js/customer-tracking/www.playagranderesort.com_a00d81ab6a6530a245b3b1faeb6e0c76.js]
[www.reservhotel.com/los-cabos-mexico/grand-solmar-lands-end-resort-and-spa/booking-engine/ibe5da1c.html]
[www.thehotelsnetwork.com/js/hotel_price_widgetaab3.js]
[www.reservhotel.com/hotel_fastlink_js/34005.js]
[www.reservhotel.com/hotel_images_fastlink/34005/6fJag.jpg]
[www.reservhotel.com/hotel_images_fastlink/34005/QGHN9.jpg]
[www.reservhotel.com/hotel_images_fastlink/34005/orI82.jpg]
[www.reservhotel.com/los-cabos-mexico/grand-solmar-lands-end-resort-and-spa/booking-engine/ibe507f1.javascript]
[www.reservhotel.com/los-cabos-mexico/grand-solmar-lands-end-resort-and-spa/booking-engine/ibe5a9b6.html]
[www.thehotelsnetwork.com/js/hotel_price_widgetc0bd.js]
[www.reservhotel.com/hotel_fastlink_js/34006.js]
[www.reservhotel.com/hotel_images_fastlink/34006/OyjAX.jpg]
[www.reservhotel.com/hotel_images_fastlink/34006/3sKYf.jpg]
[www.reservhotel.com/hotel_images_fastlink/34006/2MqaH.jpg]
[www.reservhotel.com/los-cabos-mexico/grand-solmar-lands-end-resort-and-spa/booking-engine/ibe50075.javascript]
[www.reservhotel.com/hotel_images_fastlink/34006/5084.jpg]
[www.thehotelsnetwork.com/js/hotel_price_widgetf4cc.js]
[www.reservhotel.com/los-cabos-mexico/grand-solmar-lands-end-resort-and-spa/booking-engine/ibe5e0dc.html]
[static.cloudflareinsights.com/beacon.min.js]
[www.reservhotel.com/hotel_fastlink_js/34007.js]
[www.reservhotel.com/hotel_images_fastlink/34007/LPyIm.jpg]
[www.reservhotel.com/hotel_images_fastlink/34007/m4wuZ.jpg]
[www.reservhotel.com/hotel_images_fastlink/34007/tgbr3.jpg]
[www.reservhotel.com/los-cabos-mexico/grand-solmar-lands-end-resort-and-spa/booking-engine/ibe55dc2.javascript]
[www.reservhotel.com/hotel_images_fastlink/34007/5016.jpg]
[www.reservhotel.com/los-cabos-mexico/grand-solmar-lands-end-resort-and-spa/booking-engine/ibe57268.html]
[www.thehotelsnetwork.com/js/hotel_price_widget3672.js]
[www.reservhotel.com/hotel_fastlink_js/34094.js]
[www.reservhotel.com/hotel_images_fastlink/34094/AtqEQ.jpg]
[www.reservhotel.com/hotel_images_fastlink/34094/MLYHX.jpg]
[www.reservhotel.com/hotel_images_fastlink/34094/eCZfW.jpg]
[www.reservhotel.com/los-cabos-mexico/grand-solmar-lands-end-resort-and-spa/booking-engine/ibe52530.javascript]
[www.reservhotel.com/hotel_images_fastlink/34094/5835.jpg]
[www.reservhotel.com/hotel_images_fastlink/34094/3437.jpg]
[www.reservhotel.com/hotel_images_fastlink/34094/3432.jpg]
[www.reservhotel.com/los-cabos-mexico/grand-solmar-lands-end-resort-and-spa/booking-engine/ibe5e050.html]
[www.thehotelsnetwork.com/js/hotel_price_widgetc924.js]
[www.reservhotel.com/hotel_fastlink_js/34093.js]
[www.reservhotel.com/hotel_images_fastlink/34093/MPH5m.jpg]
[www.reservhotel.com/hotel_images_fastlink/34093/Cy3ZR.jpg]
[www.reservhotel.com/hotel_images_fastlink/34093/sU3nR.jpg]
[www.reservhotel.com/los-cabos-mexico/grand-solmar-lands-end-resort-and-spa/booking-engine/ibe54690.javascript]
[www.reservhotel.com/hotel_images_fastlink/34093/3417.jpg]
[www.reservhotel.com/hotel_images_fastlink/34093/3402.jpg]
[www.reservhotel.com/los-cabos-mexico/grand-solmar-lands-end-resort-and-spa/booking-engine/ibe591e9.html]
[www.thehotelsnetwork.com/js/hotel_price_widget454c.js]
[www.reservhotel.com/hotel_fastlink_js/34077.js]
[www.reservhotel.com/hotel_images_fastlink/34077/0A7Fq.jpg]
[www.reservhotel.com/hotel_images_fastlink/34077/Cw1d3.jpg]
[www.reservhotel.com/hotel_images_fastlink/34077/fmWXA.jpg]
[www.reservhotel.com/los-cabos-mexico/grand-solmar-lands-end-resort-and-spa/booking-engine/ibe558d7.javascript]
[www.reservhotel.com/los-cabos-mexico/grand-solmar-lands-end-resort-and-spa/booking-engine/ibe5d4c0.html]
[www.reservhotel.com/hotel_fastlink_css/34003.css]
[www.reservhotel.com/hotel_fastlink_css/34005.css]
[www.reservhotel.com/hotel_fastlink_css/34006.css]
[www.reservhotel.com/hotel_fastlink_css/34007.css]
[www.reservhotel.com/hotel_fastlink_css/34094.css]
[www.reservhotel.com/hotel_fastlink_css/34093.css]
[theguestbook.com/reservhotel3585.html]
[www.reservhotel.com/hotel_fastlink_css/34077.css]
